app/build/outputs/logs/manifest-merger-debug-report.txt
-- Merging decision tree log ---
manifest
ADDED from src\main\AndroidManifest.xml:2:1-189:12
	package
		ADDED from src\main\AndroidManifest.xml:3:5-50
		INJECTED from src\main\AndroidManifest.xml
		INJECTED from src\main\AndroidManifest.xml
	android:versionName
		INJECTED from src\main\AndroidManifest.xml
		INJECTED from src\main\AndroidManifest.xml
	xmlns:android
		ADDED from src\main\AndroidManifest.xml:2:11-69
	android:versionCode
		INJECTED from src\main\AndroidManifest.xml
		INJECTED from src\main\AndroidManifest.xml
uses-permission#android.permission.RECORD_AUDIO
ADDED from src\main\AndroidManifest.xml:5:5-71
	android:name
		ADDED from src\main\AndroidManifest.xml:5:22-68
uses-permission#android.permission.INTERNET
ADDED from src\main\AndroidManifest.xml:6:5-67
MERGED from [com.firebaseui:firebase-ui-database:0.4.4] AndroidManifest.xml:11:5-67
MERGED from [com.daimajia.slider:library:1.1.5] AndroidManifest.xml:11:5-67
MERGED from [com.google.android.gms:play-services-ads-lite:10.0.1] AndroidManifest.xml:19:5-66
MERGED from [com.google.android.gms:play-services-analytics:10.0.1] AndroidManifest.xml:20:5-66
MERGED from [com.google.android.gms:play-services-appinvite:10.0.1] AndroidManifest.xml:18:5-66
MERGED from [com.google.firebase:firebase-crash:10.0.1] AndroidManifest.xml:18:5-66
MERGED from [com.google.android.gms:play-services-gcm:10.0.1] AndroidManifest.xml:21:5-66
MERGED from [com.google.android.gms:play-services-iid:10.0.1] AndroidManifest.xml:21:5-66
MERGED from [com.google.android.gms:play-services-tagmanager-api:10.0.1] AndroidManifest.xml:20:5-66
MERGED from [com.google.android.gms:play-services-analytics-impl:10.0.1] AndroidManifest.xml:20:5-66
MERGED from [com.google.android.gms:play-services-maps:10.0.1] AndroidManifest.xml:20:5-66
MERGED from [com.google.firebase:firebase-analytics:10.0.1] AndroidManifest.xml:20:5-66
MERGED from [com.google.firebase:firebase-analytics-impl:10.0.1] AndroidManifest.xml:20:5-66
MERGED from [com.google.firebase:firebase-iid:10.0.1] AndroidManifest.xml:20:5-66
	android:name
		ADDED from src\main\AndroidManifest.xml:6:22-64
uses-permission#android.permission.ACCESS_NETWORK_STATE
ADDED from src\main\AndroidManifest.xml:7:5-79
MERGED from [com.google.android.gms:play-services-ads-lite:10.0.1] AndroidManifest.xml:20:5-78
MERGED from [com.google.android.gms:play-services-analytics:10.0.1] AndroidManifest.xml:21:5-78
MERGED from [com.google.android.gms:play-services-nearby:10.0.1] AndroidManifest.xml:4:5-78
MERGED from [com.google.android.gms:play-services-tagmanager-api:10.0.1] AndroidManifest.xml:21:5-78
MERGED from [com.google.android.gms:play-services-analytics-impl:10.0.1] AndroidManifest.xml:21:5-78
MERGED from [com.google.android.gms:play-services-maps:10.0.1] AndroidManifest.xml:19:5-78
MERGED from [com.google.firebase:firebase-analytics:10.0.1] AndroidManifest.xml:21:5-78
MERGED from [com.google.firebase:firebase-analytics-impl:10.0.1] AndroidManifest.xml:21:5-78
MERGED from [com.google.firebase:firebase-iid:10.0.1] AndroidManifest.xml:19:5-78
	android:name
		ADDED from src\main\AndroidManifest.xml:7:22-76
uses-permission#android.permission.CHANGE_NETWORK_STATE
ADDED from src\main\AndroidManifest.xml:8:5-79
	android:name
		ADDED from src\main\AndroidManifest.xml:8:22-76
uses-permission#android.permission.READ_EXTERNAL_STORAGE
ADDED from src\main\AndroidManifest.xml:9:5-80
	android:name
		ADDED from src\main\AndroidManifest.xml:9:22-77
uses-permission#android.permission.WRITE_EXTERNAL_STORAGE
ADDED from src\main\AndroidManifest.xml:10:5-81
MERGED from [com.daimajia.slider:library:1.1.5] AndroidManifest.xml:12:5-81
	android:name
		ADDED from src\main\AndroidManifest.xml:10:22-78
uses-permission#android.permission.READ_CALENDAR
ADDED from src\main\AndroidManifest.xml:11:5-72
	android:name
		ADDED from src\main\AndroidManifest.xml:11:22-69
uses-permission#android.permission.WRITE_CALENDAR
ADDED from src\main\AndroidManifest.xml:12:5-73
	android:name
		ADDED from src\main\AndroidManifest.xml:12:22-70
uses-permission#android.permission.ACCESS_COARSE_LOCATION
ADDED from src\main\AndroidManifest.xml:13:5-81
	android:name
		ADDED from src\main\AndroidManifest.xml:13:22-78
uses-permission#android.permission.ACCESS_FINE_LOCATION
ADDED from src\main\AndroidManifest.xml:14:5-79
	android:name
		ADDED from src\main\AndroidManifest.xml:14:22-76
uses-permission#android.permission.CALL_PHONE
ADDED from src\main\AndroidManifest.xml:15:5-69
	android:name
		ADDED from src\main\AndroidManifest.xml:15:22-66
uses-permission#android.permission.READ_PHONE_STATE
ADDED from src\main\AndroidManifest.xml:16:5-75
	android:name
		ADDED from src\main\AndroidManifest.xml:16:22-72
uses-permission#android.permission.MODIFY_PHONE_STATE
ADDED from src\main\AndroidManifest.xml:17:5-77
	android:name
		ADDED from src\main\AndroidManifest.xml:17:22-74
uses-permission#android.permission.CAPTURE_AUDIO_OUTPUT
ADDED from src\main\AndroidManifest.xml:18:5-79
	android:name
		ADDED from src\main\AndroidManifest.xml:18:22-76
uses-permission#android.permission.CAMERA
ADDED from src\main\AndroidManifest.xml:19:5-65
MERGED from [com.journeyapps:zxing-android-embedded:3.4.0] AndroidManifest.xml:21:5-65
	android:name
		ADDED from src\main\AndroidManifest.xml:19:22-62
application
ADDED from src\main\AndroidManifest.xml:21:5-187:19
MERGED from [com.journeyapps:zxing-android-embedded:3.4.0] AndroidManifest.xml:45:5-53:19
MERGED from [com.android.support:cardview-v7:25.3.1] AndroidManifest.xml:26:5-20
MERGED from [com.android.support.constraint:constraint-layout:1.0.2] AndroidManifest.xml:9:5-20
MERGED from [com.mcxiaoke.volley:library-aar:1.0.0] AndroidManifest.xml:5:5-19
MERGED from [com.google.android.gms:play-services:10.0.1] AndroidManifest.xml:5:5-20
MERGED from [com.google.android.gms:play-services-ads-lite:10.0.1] AndroidManifest.xml:23:5-27:19
MERGED from [com.google.android.gms:play-services-analytics:10.0.1] AndroidManifest.xml:26:5-19
MERGED from [com.google.android.gms:play-services-appinvite:10.0.1] AndroidManifest.xml:19:5-26:19
MERGED from [com.google.android.gms:play-services-auth:10.0.1] AndroidManifest.xml:19:5-25:19
MERGED from [com.google.android.gms:play-services-cast-framework:10.0.1] AndroidManifest.xml:4:5-8:19
MERGED from [com.google.android.gms:play-services-cast:10.0.1] AndroidManifest.xml:18:5-19
MERGED from [com.android.support:mediarouter-v7:25.3.1] AndroidManifest.xml:26:5-20
MERGED from [com.android.support:palette-v7:25.3.1] AndroidManifest.xml:26:5-20
MERGED from [com.google.android.gms:play-services-clearcut:10.0.1] AndroidManifest.xml:18:5-19
MERGED from [com.google.firebase:firebase-config:10.0.1] AndroidManifest.xml:18:5-19
MERGED from [com.google.android.gms:play-services-awareness:10.0.1] AndroidManifest.xml:18:5-19
MERGED from [com.google.firebase:firebase-crash:10.0.1] AndroidManifest.xml:22:5-23:19
MERGED from [com.google.firebase:firebase-auth:10.0.1] AndroidManifest.xml:19:5-20:19
MERGED from [com.google.android.gms:play-services-fitness:10.0.1] AndroidManifest.xml:18:5-19
MERGED from [com.google.android.gms:play-services-games:10.0.1] AndroidManifest.xml:18:5-19
MERGED from [com.google.android.gms:play-services-drive:10.0.1] AndroidManifest.xml:18:5-19
MERGED from [com.google.android.gms:play-services-gass:10.0.1] AndroidManifest.xml:4:5-19
MERGED from [com.google.android.gms:play-services-gcm:10.0.1] AndroidManifest.xml:23:5-19
MERGED from [com.google.firebase:firebase-appindexing:10.0.1] AndroidManifest.xml:18:5-19
MERGED from [com.google.android.gms:play-services-iid:10.0.1] AndroidManifest.xml:23:5-19
MERGED from [com.google.android.gms:play-services-nearby:10.0.1] AndroidManifest.xml:5:5-19
MERGED from [com.google.android.gms:play-services-panorama:10.0.1] AndroidManifest.xml:18:5-19
MERGED from [com.google.android.gms:play-services-places:10.0.1] AndroidManifest.xml:18:5-19
MERGED from [com.google.android.gms:play-services-plus:10.0.1] AndroidManifest.xml:18:5-19
MERGED from [com.google.android.gms:play-services-safetynet:10.0.1] AndroidManifest.xml:18:5-19
MERGED from [com.google.android.gms:play-services-tagmanager-api:10.0.1] AndroidManifest.xml:23:5-33:19
MERGED from [com.google.android.gms:play-services-tagmanager-v4-impl:10.0.1] AndroidManifest.xml:19:5-19
MERGED from [com.google.android.gms:play-services-analytics-impl:10.0.1] AndroidManifest.xml:26:5-19
MERGED from [com.google.android.gms:play-services-vision:10.0.1] AndroidManifest.xml:4:5-19
MERGED from [com.google.android.gms:play-services-identity:10.0.1] AndroidManifest.xml:18:5-19
MERGED from [com.google.android.gms:play-services-maps:10.0.1] AndroidManifest.xml:24:5-19
MERGED from [com.google.android.gms:play-services-wearable:10.0.1] AndroidManifest.xml:18:5-19
MERGED from [com.google.android.gms:play-services-location:10.0.1] AndroidManifest.xml:4:5-19
MERGED from [com.google.android.gms:play-services-base:10.0.1] AndroidManifest.xml:18:5-20:19
MERGED from [com.google.firebase:firebase-messaging:10.0.1] AndroidManifest.xml:19:5-29:19
MERGED from [de.hdodenhof:circleimageview:2.0.0] AndroidManifest.xml:9:5-20
MERGED from [com.github.ozodrukh:CircularReveal:1.3.1] AndroidManifest.xml:10:5-20
MERGED from [com.github.jhonnyx2012:horizontal-picker:1.0.5] AndroidManifest.xml:11:5-15:19
MERGED from [com.wdullaer:materialdatetimepicker:3.2.2] AndroidManifest.xml:28:5-20
MERGED from [com.android.support:support-v13:25.3.1] AndroidManifest.xml:29:5-20
MERGED from [com.android.support:design:25.3.1] AndroidManifest.xml:29:5-20
MERGED from [com.android.support:appcompat-v7:25.3.1] AndroidManifest.xml:29:5-20
MERGED from [com.android.support:animated-vector-drawable:25.3.1] AndroidManifest.xml:26:5-20
MERGED from [com.android.support:support-vector-drawable:25.3.1] AndroidManifest.xml:26:5-20
MERGED from [com.android.support:transition:25.3.1] AndroidManifest.xml:26:5-20
MERGED from [com.google.firebase:firebase-core:10.0.1] AndroidManifest.xml:5:5-20
MERGED from [com.google.firebase:firebase-analytics:10.0.1] AndroidManifest.xml:24:5-33:19
MERGED from [com.google.firebase:firebase-analytics-impl:10.0.1] AndroidManifest.xml:24:5-28:19
MERGED from [com.google.firebase:firebase-iid:10.0.1] AndroidManifest.xml:28:5-50:19
MERGED from [com.google.firebase:firebase-common:10.0.1] AndroidManifest.xml:4:5-7:19
MERGED from [com.google.android.gms:play-services-tasks:10.0.1] AndroidManifest.xml:4:5-19
MERGED from [com.google.android.gms:play-services-basement:10.0.1] AndroidManifest.xml:19:5-21:19
MERGED from [com.android.support:support-v4:25.3.1] AndroidManifest.xml:29:5-20
MERGED from [com.android.support:support-fragment:25.3.1] AndroidManifest.xml:29:5-20
MERGED from [com.android.support:support-media-compat:25.3.1] AndroidManifest.xml:29:5-20
MERGED from [com.android.support:support-core-ui:25.3.1] AndroidManifest.xml:29:5-20
MERGED from [com.android.support:support-core-utils:25.3.1] AndroidManifest.xml:29:5-20
MERGED from [com.android.support:support-compat:25.3.1] AndroidManifest.xml:29:5-20
	android:label
		ADDED from src\main\AndroidManifest.xml:25:9-41
	android:supportsRtl
		ADDED from src\main\AndroidManifest.xml:27:9-35
	android:windowSoftInputMode
		ADDED from src\main\AndroidManifest.xml:29:9-64
	android:roundIcon
		ADDED from src\main\AndroidManifest.xml:26:9-47
	android:allowBackup
		ADDED from src\main\AndroidManifest.xml:23:9-35
	android:icon
		ADDED from src\main\AndroidManifest.xml:24:9-42
	android:theme
		ADDED from src\main\AndroidManifest.xml:28:9-40
	android:name
		ADDED from src\main\AndroidManifest.xml:22:9-32
activity#com.tophawks.vm.visualmerchandising.Activities.SplashScreen
ADDED from src\main\AndroidManifest.xml:30:9-38:20
	android:theme
		ADDED from src\main\AndroidManifest.xml:32:13-56
	android:name
		ADDED from src\main\AndroidManifest.xml:31:13-52
intent-filter#android.intent.action.MAIN+android.intent.category.LAUNCHER
ADDED from src\main\AndroidManifest.xml:33:13-37:29
action#android.intent.action.MAIN
ADDED from src\main\AndroidManifest.xml:34:17-69
	android:name
		ADDED from src\main\AndroidManifest.xml:34:25-66
category#android.intent.category.LAUNCHER
ADDED from src\main\AndroidManifest.xml:36:17-77
	android:name
		ADDED from src\main\AndroidManifest.xml:36:27-74
activity#com.tophawks.vm.visualmerchandising.Modules.VisualMerchandising.AddProduct
ADDED from src\main\AndroidManifest.xml:39:9-41:55
	android:windowSoftInputMode
		ADDED from src\main\AndroidManifest.xml:41:13-52
	android:name
		ADDED from src\main\AndroidManifest.xml:40:13-67
activity#com.tophawks.vm.visualmerchandising.Activities.MainHomeActivity
ADDED from src\main\AndroidManifest.xml:42:9-65
	android:name
		ADDED from src\main\AndroidManifest.xml:42:19-62
activity#com.tophawks.vm.visualmerchandising.Modules.VisualMerchandising.AllProducts
ADDED from src\main\AndroidManifest.xml:43:9-77
	android:name
		ADDED from src\main\AndroidManifest.xml:43:19-74
activity#com.tophawks.vm.visualmerchandising.Modules.VisualMerchandising.VMReport
ADDED from src\main\AndroidManifest.xml:44:9-74
	android:name
		ADDED from src\main\AndroidManifest.xml:44:19-71
activity#com.tophawks.vm.visualmerchandising.Activities.VisualMerchandisingHomePage
ADDED from src\main\AndroidManifest.xml:45:9-76
	android:name
		ADDED from src\main\AndroidManifest.xml:45:19-73
activity#com.tophawks.vm.visualmerchandising.Modules.VisualMerchandising.ProductDescription
ADDED from src\main\AndroidManifest.xml:46:9-84
	android:name
		ADDED from src\main\AndroidManifest.xml:46:19-81
activity#com.tophawks.vm.visualmerchandising.Activities.StockManagementHomePage
ADDED from src\main\AndroidManifest.xml:47:9-72
	android:name
		ADDED from src\main\AndroidManifest.xml:47:19-69
activity#com.tophawks.vm.visualmerchandising.Modules.StockManagement.AddStore
ADDED from src\main\AndroidManifest.xml:48:9-70
	android:name
		ADDED from src\main\AndroidManifest.xml:48:19-67
activity#com.tophawks.vm.visualmerchandising.Modules.StockManagement.StockReport
ADDED from src\main\AndroidManifest.xml:49:9-73
	android:name
		ADDED from src\main\AndroidManifest.xml:49:19-70
activity#com.tophawks.vm.visualmerchandising.Modules.StockManagement.AvailableProductActivity
ADDED from src\main\AndroidManifest.xml:50:9-86
	android:name
		ADDED from src\main\AndroidManifest.xml:50:19-83
activity#com.tophawks.vm.visualmerchandising.Modules.StockManagement.StoreImageReport
ADDED from src\main\AndroidManifest.xml:51:9-78
	android:name
		ADDED from src\main\AndroidManifest.xml:51:19-75
activity#com.tophawks.vm.visualmerchandising.Modules.StockManagement.VisibilityAudit
ADDED from src\main\AndroidManifest.xml:52:9-77
	android:name
		ADDED from src\main\AndroidManifest.xml:52:19-74
activity#com.tophawks.vm.visualmerchandising.Modules.StockManagement.UpdateStore
ADDED from src\main\AndroidManifest.xml:53:9-73
	android:name
		ADDED from src\main\AndroidManifest.xml:53:19-70
activity#com.tophawks.vm.visualmerchandising.Modules.StockManagement.StoreStocks
ADDED from src\main\AndroidManifest.xml:54:9-73
	android:name
		ADDED from src\main\AndroidManifest.xml:54:19-70
activity#com.tophawks.vm.visualmerchandising.Modules.StockManagement.StoreDetails
ADDED from src\main\AndroidManifest.xml:55:9-74
	android:name
		ADDED from src\main\AndroidManifest.xml:55:19-71
activity#com.tophawks.vm.visualmerchandising.Modules.StockManagement.UpdateProductList
ADDED from src\main\AndroidManifest.xml:56:9-58:47
	android:label
		ADDED from src\main\AndroidManifest.xml:57:13-71
	android:theme
		ADDED from src\main\AndroidManifest.xml:58:13-44
	android:name
		ADDED from src\main\AndroidManifest.xml:56:19-76
activity#com.tophawks.vm.visualmerchandising.Modules.StockManagement.MarketVisit
ADDED from src\main\AndroidManifest.xml:59:9-61:47
	android:label
		ADDED from src\main\AndroidManifest.xml:60:13-64
	android:theme
		ADDED from src\main\AndroidManifest.xml:61:13-44
	android:name
		ADDED from src\main\AndroidManifest.xml:59:19-70
activity#com.tophawks.vm.visualmerchandising.Training.MainActivity
ADDED from src\main\AndroidManifest.xml:62:9-64:59
	android:label
		ADDED from src\main\AndroidManifest.xml:63:13-37
	android:theme
		ADDED from src\main\AndroidManifest.xml:64:13-56
	android:name
		ADDED from src\main\AndroidManifest.xml:62:19-56
activity#com.tophawks.vm.visualmerchandising.Training.Modules
ADDED from src\main\AndroidManifest.xml:65:9-67:59
	android:label
		ADDED from src\main\AndroidManifest.xml:66:13-35
	android:theme
		ADDED from src\main\AndroidManifest.xml:67:13-56
	android:name
		ADDED from src\main\AndroidManifest.xml:65:19-51
activity#com.tophawks.vm.visualmerchandising.Training.CardActivity
ADDED from src\main\AndroidManifest.xml:68:9-70:59
	android:label
		ADDED from src\main\AndroidManifest.xml:69:13-36
	android:theme
		ADDED from src\main\AndroidManifest.xml:70:13-56
	android:name
		ADDED from src\main\AndroidManifest.xml:68:19-56
activity#com.tophawks.vm.visualmerchandising.Training.Tests
ADDED from src\main\AndroidManifest.xml:71:9-73:59
	android:label
		ADDED from src\main\AndroidManifest.xml:72:13-57
	android:theme
		ADDED from src\main\AndroidManifest.xml:73:13-56
	android:name
		ADDED from src\main\AndroidManifest.xml:71:19-49
activity#com.tophawks.vm.visualmerchandising.Training.TestWeb
ADDED from src\main\AndroidManifest.xml:74:9-76:59
	android:label
		ADDED from src\main\AndroidManifest.xml:75:13-57
	android:theme
		ADDED from src\main\AndroidManifest.xml:76:13-56
	android:name
		ADDED from src\main\AndroidManifest.xml:74:19-51
activity#com.tophawks.vm.visualmerchandising.Training.TestWeb2
ADDED from src\main\AndroidManifest.xml:77:9-79:59
	android:label
		ADDED from src\main\AndroidManifest.xml:78:13-57
	android:theme
		ADDED from src\main\AndroidManifest.xml:79:13-56
	android:name
		ADDED from src\main\AndroidManifest.xml:77:19-52
activity#com.tophawks.vm.visualmerchandising.Activities.LoginActivity
ADDED from src\main\AndroidManifest.xml:80:9-62
	android:name
		ADDED from src\main\AndroidManifest.xml:80:19-59
activity#com.tophawks.vm.visualmerchandising.Modules.Attendance.AttendanceHomeActivity
ADDED from src\main\AndroidManifest.xml:81:9-82:52
	android:screenOrientation
		ADDED from src\main\AndroidManifest.xml:82:13-49
	android:name
		ADDED from src\main\AndroidManifest.xml:81:19-76
activity#com.tophawks.vm.visualmerchandising.Modules.Attendance.LocationDetectionActivity
ADDED from src\main\AndroidManifest.xml:83:9-85:59
	android:screenOrientation
		ADDED from src\main\AndroidManifest.xml:84:13-49
	android:theme
		ADDED from src\main\AndroidManifest.xml:85:13-56
	android:name
		ADDED from src\main\AndroidManifest.xml:83:19-79
activity#com.tophawks.vm.visualmerchandising.Modules.Attendance.EnrollActivity
ADDED from src\main\AndroidManifest.xml:86:9-87:52
	android:screenOrientation
		ADDED from src\main\AndroidManifest.xml:87:13-49
	android:name
		ADDED from src\main\AndroidManifest.xml:86:19-68
activity#com.tophawks.vm.visualmerchandising.Modules.Attendance.RecognizeActivity
ADDED from src\main\AndroidManifest.xml:88:9-90:59
	android:screenOrientation
		ADDED from src\main\AndroidManifest.xml:89:13-49
	android:theme
		ADDED from src\main\AndroidManifest.xml:90:13-56
	android:name
		ADDED from src\main\AndroidManifest.xml:88:19-71
activity#com.theartofdev.edmodo.cropper.CropImageActivity
ADDED from src\main\AndroidManifest.xml:91:9-92:59
	android:theme
		ADDED from src\main\AndroidManifest.xml:92:13-56
	android:name
		ADDED from src\main\AndroidManifest.xml:91:19-82
supports-screens
ADDED from src\main\AndroidManifest.xml:93:9-97:44
	android:largeScreens
		ADDED from src\main\AndroidManifest.xml:94:13-40
	android:smallScreens
		ADDED from src\main\AndroidManifest.xml:96:13-40
	android:normalScreens
		ADDED from src\main\AndroidManifest.xml:95:13-41
	android:xlargeScreens
		ADDED from src\main\AndroidManifest.xml:97:13-41
	android:anyDensity
		ADDED from src\main\AndroidManifest.xml:93:27-52
activity#com.tophawks.vm.visualmerchandising.SalesMgmt.MainActivity
ADDED from src\main\AndroidManifest.xml:99:9-102:59
	android:screenOrientation
		ADDED from src\main\AndroidManifest.xml:101:13-49
	android:label
		ADDED from src\main\AndroidManifest.xml:100:13-55
	android:theme
		ADDED from src\main\AndroidManifest.xml:102:13-56
	android:name
		ADDED from src\main\AndroidManifest.xml:99:19-92
activity#com.tophawks.vm.visualmerchandising.SalesMgmt.Modules.Accounts.CreateAccountActivity
ADDED from src\main\AndroidManifest.xml:103:9-106:52
	android:screenOrientation
		ADDED from src\main\AndroidManifest.xml:105:13-49
	android:label
		ADDED from src\main\AndroidManifest.xml:104:13-56
	android:theme
		ADDED from src\main\AndroidManifest.xml:106:13-49
	android:name
		ADDED from src\main\AndroidManifest.xml:103:19-118
activity#com.tophawks.vm.visualmerchandising.SalesMgmt.Modules.Accounts.ReadAccountActivity
ADDED from src\main\AndroidManifest.xml:107:9-110:52
	android:screenOrientation
		ADDED from src\main\AndroidManifest.xml:109:13-49
	android:label
		ADDED from src\main\AndroidManifest.xml:108:13-54
	android:theme
		ADDED from src\main\AndroidManifest.xml:110:13-49
	android:name
		ADDED from src\main\AndroidManifest.xml:107:19-116
activity#com.tophawks.vm.visualmerchandising.SalesMgmt.Modules.Accounts.UpdateAccountActivity
ADDED from src\main\AndroidManifest.xml:111:9-114:52
	android:screenOrientation
		ADDED from src\main\AndroidManifest.xml:113:13-49
	android:label
		ADDED from src\main\AndroidManifest.xml:112:13-56
	android:theme
		ADDED from src\main\AndroidManifest.xml:114:13-49
	android:name
		ADDED from src\main\AndroidManifest.xml:111:19-118
activity#com.tophawks.vm.visualmerchandising.SalesMgmt.Modules.Contacts.CreateContactActivity
ADDED from src\main\AndroidManifest.xml:115:9-118:52
	android:screenOrientation
		ADDED from src\main\AndroidManifest.xml:117:13-49
	android:label
		ADDED from src\main\AndroidManifest.xml:116:13-56
	android:theme
		ADDED from src\main\AndroidManifest.xml:118:13-49
	android:name
		ADDED from src\main\AndroidManifest.xml:115:19-118
activity#com.tophawks.vm.visualmerchandising.SalesMgmt.Modules.Contacts.ReadContactActivity
ADDED from src\main\AndroidManifest.xml:119:9-122:52
	android:screenOrientation
		ADDED from src\main\AndroidManifest.xml:121:13-49
	android:label
		ADDED from src\main\AndroidManifest.xml:120:13-54
	android:theme
		ADDED from src\main\AndroidManifest.xml:122:13-49
	android:name
		ADDED from src\main\AndroidManifest.xml:119:19-116
activity#com.tophawks.vm.visualmerchandising.SalesMgmt.Modules.Contacts.UpdateContactActivity
ADDED from src\main\AndroidManifest.xml:123:9-126:52
	android:screenOrientation
		ADDED from src\main\AndroidManifest.xml:125:13-49
	android:label
		ADDED from src\main\AndroidManifest.xml:124:13-56
	android:theme
		ADDED from src\main\AndroidManifest.xml:126:13-49
	android:name
		ADDED from src\main\AndroidManifest.xml:123:19-118
activity#com.tophawks.vm.visualmerchandising.SalesMgmt.Modules.Leads.CreateLeadActivity
ADDED from src\main\AndroidManifest.xml:127:9-130:52
	android:screenOrientation
		ADDED from src\main\AndroidManifest.xml:129:13-49
	android:label
		ADDED from src\main\AndroidManifest.xml:128:13-53
	android:theme
		ADDED from src\main\AndroidManifest.xml:130:13-49
	android:name
		ADDED from src\main\AndroidManifest.xml:127:19-112
activity#com.tophawks.vm.visualmerchandising.SalesMgmt.Modules.Leads.ReadLeadActivity
ADDED from src\main\AndroidManifest.xml:131:9-134:52
	android:screenOrientation
		ADDED from src\main\AndroidManifest.xml:133:13-49
	android:label
		ADDED from src\main\AndroidManifest.xml:132:13-51
	android:theme
		ADDED from src\main\AndroidManifest.xml:134:13-49
	android:name
		ADDED from src\main\AndroidManifest.xml:131:19-110
activity#com.tophawks.vm.visualmerchandising.SalesMgmt.Modules.Leads.UpdateLeadActivity
ADDED from src\main\AndroidManifest.xml:135:9-138:52
	android:screenOrientation
		ADDED from src\main\AndroidManifest.xml:137:13-49
	android:label
		ADDED from src\main\AndroidManifest.xml:136:13-53
	android:theme
		ADDED from src\main\AndroidManifest.xml:138:13-49
	android:name
		ADDED from src\main\AndroidManifest.xml:135:19-112
activity#com.tophawks.vm.visualmerchandising.SalesMgmt.Modules.Deals.CreateDealActivity
ADDED from src\main\AndroidManifest.xml:139:9-142:52
	android:screenOrientation
		ADDED from src\main\AndroidManifest.xml:141:13-49
	android:label
		ADDED from src\main\AndroidManifest.xml:140:13-53
	android:theme
		ADDED from src\main\AndroidManifest.xml:142:13-49
	android:name
		ADDED from src\main\AndroidManifest.xml:139:19-112
activity#com.tophawks.vm.visualmerchandising.SalesMgmt.Modules.Deals.ReadDealActivity
ADDED from src\main\AndroidManifest.xml:143:9-146:52
	android:screenOrientation
		ADDED from src\main\AndroidManifest.xml:145:13-49
	android:label
		ADDED from src\main\AndroidManifest.xml:144:13-51
	android:theme
		ADDED from src\main\AndroidManifest.xml:146:13-49
	android:name
		ADDED from src\main\AndroidManifest.xml:143:19-110
activity#com.tophawks.vm.visualmerchandising.SalesMgmt.Modules.Deals.UpdateDealActivity
ADDED from src\main\AndroidManifest.xml:147:9-150:52
	android:screenOrientation
		ADDED from src\main\AndroidManifest.xml:149:13-49
	android:label
		ADDED from src\main\AndroidManifest.xml:148:13-53
	android:theme
		ADDED from src\main\AndroidManifest.xml:150:13-49
	android:name
		ADDED from src\main\AndroidManifest.xml:147:19-112
activity#com.tophawks.vm.visualmerchandising.SalesMgmt.Modules.Events.CreateEventActivity
ADDED from src\main\AndroidManifest.xml:151:9-154:52
	android:screenOrientation
		ADDED from src\main\AndroidManifest.xml:153:13-49
	android:label
		ADDED from src\main\AndroidManifest.xml:152:13-54
	android:theme
		ADDED from src\main\AndroidManifest.xml:154:13-49
	android:name
		ADDED from src\main\AndroidManifest.xml:151:19-114
activity#com.tophawks.vm.visualmerchandising.SalesMgmt.Modules.Events.ReadEventActivity
ADDED from src\main\AndroidManifest.xml:155:9-158:52
	android:screenOrientation
		ADDED from src\main\AndroidManifest.xml:157:13-49
	android:label
		ADDED from src\main\AndroidManifest.xml:156:13-52
	android:theme
		ADDED from src\main\AndroidManifest.xml:158:13-49
	android:name
		ADDED from src\main\AndroidManifest.xml:155:19-112
activity#com.tophawks.vm.visualmerchandising.SalesMgmt.Modules.Events.UpdateEventActivity
ADDED from src\main\AndroidManifest.xml:159:9-162:52
	android:screenOrientation
		ADDED from src\main\AndroidManifest.xml:161:13-49
	android:label
		ADDED from src\main\AndroidManifest.xml:160:13-54
	android:theme
		ADDED from src\main\AndroidManifest.xml:162:13-49
	android:name
		ADDED from src\main\AndroidManifest.xml:159:19-114
activity#com.tophawks.vm.visualmerchandising.SalesMgmt.Modules.Feeds.CreateFeedActivity
ADDED from src\main\AndroidManifest.xml:163:9-166:52
	android:screenOrientation
		ADDED from src\main\AndroidManifest.xml:165:13-49
	android:label
		ADDED from src\main\AndroidManifest.xml:164:13-53
	android:theme
		ADDED from src\main\AndroidManifest.xml:166:13-49
	android:name
		ADDED from src\main\AndroidManifest.xml:163:19-112
activity#com.tophawks.vm.visualmerchandising.SalesMgmt.Modules.Feeds.ReadFeedActivity
ADDED from src\main\AndroidManifest.xml:167:9-170:52
	android:screenOrientation
		ADDED from src\main\AndroidManifest.xml:169:13-49
	android:label
		ADDED from src\main\AndroidManifest.xml:168:13-51
	android:theme
		ADDED from src\main\AndroidManifest.xml:170:13-49
	android:name
		ADDED from src\main\AndroidManifest.xml:167:19-110
activity#com.tophawks.vm.visualmerchandising.SalesMgmt.Modules.Feeds.UpdateFeedActivity
ADDED from src\main\AndroidManifest.xml:171:9-174:52
	android:screenOrientation
		ADDED from src\main\AndroidManifest.xml:173:13-49
	android:label
		ADDED from src\main\AndroidManifest.xml:172:13-53
	android:theme
		ADDED from src\main\AndroidManifest.xml:174:13-49
	android:name
		ADDED from src\main\AndroidManifest.xml:171:19-112
activity#com.tophawks.vm.visualmerchandising.SalesMgmt.Modules.Tasks.CreateTaskActivity
ADDED from src\main\AndroidManifest.xml:175:9-178:52
	android:screenOrientation
		ADDED from src\main\AndroidManifest.xml:177:13-49
	android:label
		ADDED from src\main\AndroidManifest.xml:176:13-53
	android:theme
		ADDED from src\main\AndroidManifest.xml:178:13-49
	android:name
		ADDED from src\main\AndroidManifest.xml:175:19-112
activity#com.tophawks.vm.visualmerchandising.SalesMgmt.Modules.Tasks.ReadTaskActivity
ADDED from src\main\AndroidManifest.xml:179:9-182:52
	android:screenOrientation
		ADDED from src\main\AndroidManifest.xml:181:13-49
	android:label
		ADDED from src\main\AndroidManifest.xml:180:13-51
	android:theme
		ADDED from src\main\AndroidManifest.xml:182:13-49
	android:name
		ADDED from src\main\AndroidManifest.xml:179:19-110
activity#com.tophawks.vm.visualmerchandising.SalesMgmt.Modules.Tasks.UpdateTaskActivity
ADDED from src\main\AndroidManifest.xml:183:9-186:52
	android:screenOrientation
		ADDED from src\main\AndroidManifest.xml:185:13-49
	android:label
		ADDED from src\main\AndroidManifest.xml:184:13-53
	android:theme
		ADDED from src\main\AndroidManifest.xml:186:13-49
	android:name
		ADDED from src\main\AndroidManifest.xml:183:19-112
uses-sdk
INJECTED from src\main\AndroidManifest.xml reason: use-sdk injection requested
MERGED from [com.android.support:multidex:1.0.1] AndroidManifest.xml:18:5-42
MERGED from [com.journeyapps:zxing-android-embedded:3.4.0] AndroidManifest.xml:19:5-43
MERGED from [com.android.support:cardview-v7:25.3.1] AndroidManifest.xml:20:5-43
MERGED from [com.android.support.constraint:constraint-layout:1.0.2] AndroidManifest.xml:5:5-7:41
MERGED from [com.firebaseui:firebase-ui-database:0.4.4] AndroidManifest.xml:7:5-9:41
MERGED from [com.theartofdev.edmodo:android-image-cropper:2.3.1] AndroidManifest.xml:8:5-10:41
MERGED from [com.daimajia.slider:library:1.1.5] AndroidManifest.xml:7:5-9:41
MERGED from [com.mcxiaoke.volley:library-aar:1.0.0] AndroidManifest.xml:3:5-72